app/build/intermediates/manifest_merge_blame_file/debug/manifest-merger-blame-debug-report.txt
1<?xml version="1.0" encoding="utf-8"?>
2<manifest xmlns:android="http://schemas.android.com/apk/res/android"
3    package="com.example.aswitch"
4    android:versionCode="1"
5    android:versionName="1.0" >
6
7    <uses-sdk
8        android:minSdkVersion="21"
8-->src\main\AndroidManifest.xml
9        android:targetSdkVersion="31" />
9-->src\main\AndroidManifest.xml
10
11    <uses-permission android:name="android.permission.INTERNET" />
11-->src\main\AndroidManifest.xml:5:5-67
11-->src\main\AndroidManifest.xml:5:22-64
12
13    <application
13-->src\main\AndroidManifest.xml:7:5-36:19
14        android:allowBackup="true"
14-->src\main\AndroidManifest.xml:8:9-35
15        android:appComponentFactory="androidx.core.app.CoreComponentFactory"
15-->[androidx.core:core:1.5.0] AndroidManifest.xml:24:18-86
16        android:debuggable="true"
17        android:icon="@drawable/pnglogo"
17-->src\main\AndroidManifest.xml:9:9-41
18        android:label="@string/app_name"
18-->src\main\AndroidManifest.xml:10:9-41
19        android:roundIcon="@drawable/pnglogo"
19-->src\main\AndroidManifest.xml:11:9-46
20        android:supportsRtl="true"
20-->src\main\AndroidManifest.xml:12:9-35
21        android:testOnly="true"
22        android:theme="@style/Theme.Switch" >
22-->src\main\AndroidManifest.xml:13:9-44
23        <activity
23-->src\main\AndroidManifest.xml:14:9-16:39
24            android:name="com.example.aswitch.ModernActivity"
24-->src\main\AndroidManifest.xml:15:13-43
25            android:exported="true" />
25-->src\main\AndroidManifest.xml:16:13-36
26        <activity
26-->src\main\AndroidManifest.xml:17:9-19:39
27            android:name="com.example.aswitch.TraditionalActivity"
27-->src\main\AndroidManifest.xml:18:13-48
28            android:exported="true" />
28-->src\main\AndroidManifest.xml:19:13-36
29        <activity
29-->src\main\AndroidManifest.xml:20:9-22:39
30            android:name="com.example.aswitch.ProfileActivity"
30-->src\main\AndroidManifest.xml:21:13-44
31            android:exported="true" />
31-->src\main\AndroidManifest.xml:22:13-36
32        <activity
32-->src\main\AndroidManifest.xml:23:9-31:20
33            android:name="com.example.aswitch.MainActivity"
33-->src\main\AndroidManifest.xml:24:13-41
34            android:exported="true" >
34-->src\main\AndroidManifest.xml:25:13-36
35            <intent-filter>
35-->src\main\AndroidManifest.xml:26:13-30:29
36                <action android:name="android.intent.action.MAIN" />
36-->src\main\AndroidManifest.xml:27:17-69
36-->src\main\AndroidManifest.xml:27:25-66
37
38                <category android:name="android.intent.category.LAUNCHER" />
38-->src\main\AndroidManifest.xml:29:17-77
38-->src\main\AndroidManifest.xml:29:27-74
39            </intent-filter>
40        </activity>
41
42        <meta-data
42-->src\main\AndroidManifest.xml:33:9-35:57
43            android:name="preloaded_fonts"
43-->src\main\AndroidManifest.xml:34:13-43
44            android:resource="@array/preloaded_fonts" />
44-->src\main\AndroidManifest.xml:35:13-54
45    </application>
46
47</manifest>